d:\powersdr_hpsdr_mrx_ps\lib\portaudio_vs2008\build\msvc\win32\debug\pa_cpuload.obj
d:\powersdr_hpsdr_mrx_ps\lib\portaudio_vs2008\build\msvc\win32\debug\pa_front.obj
d:\powersdr_hpsdr_mrx_ps\lib\portaudio_vs2008\build\msvc\win32\debug\pa_trace.obj
d:\powersdr_hpsdr_mrx_ps\lib\portaudio_vs2008\build\msvc\win32\debug\pa_win_wasapi.obj
d:\powersdr_hpsdr_mrx_ps\lib\portaudio_vs2008\build\msvc\win32\debug\pa_win_wdmks_utils.obj
d:\powersdr_hpsdr_mrx_ps\lib\portaudio_vs2008\build\msvc\win32\debug\pa_converters.obj
d:\powersdr_hpsdr_mrx_ps\lib\portaudio_vs2008\build\msvc\win32\debug\pa_process.obj
d:\powersdr_hpsdr_mrx_ps\lib\portaudio_vs2008\build\msvc\win32\debug\pa_stream.obj
d:\powersdr_hpsdr_mrx_ps\lib\portaudio_vs2008\build\msvc\win32\debug\pa_win_ds_dynlink.obj
d:\powersdr_hpsdr_mrx_ps\lib\portaudio_vs2008\build\msvc\win32\debug\pa_win_wdmks.obj
d:\powersdr_hpsdr_mrx_ps\lib\portaudio_vs2008\build\msvc\win32\debug\pa_allocation.obj
d:\powersdr_hpsdr_mrx_ps\lib\portaudio_vs2008\build\msvc\win32\debug\pa_dither.obj
d:\powersdr_hpsdr_mrx_ps\lib\portaudio_vs2008\build\msvc\win32\debug\pa_ringbuffer.obj
d:\powersdr_hpsdr_mrx_ps\lib\portaudio_vs2008\build\msvc\win32\debug\pa_win_wmme.obj
d:\powersdr_hpsdr_mrx_ps\lib\portaudio_vs2008\build\msvc\win32\debug\pa_win_util.obj
d:\powersdr_hpsdr_mrx_ps\lib\portaudio_vs2008\build\msvc\win32\debug\pa_debugprint.obj
d:\powersdr_hpsdr_mrx_ps\lib\portaudio_vs2008\build\msvc\win32\debug\pa_skeleton.obj
d:\powersdr_hpsdr_mrx_ps\lib\portaudio_vs2008\build\msvc\win32\debug\pa_win_ds.obj
d:\powersdr_hpsdr_mrx_ps\lib\portaudio_vs2008\build\msvc\win32\debug\pa_win_hostapis.obj
d:\powersdr_hpsdr_mrx_ps\lib\portaudio_vs2008\build\msvc\win32\debug\pa_win_waveformat.obj
d:\powersdr_hpsdr_mrx_ps\lib\portaudio_vs2008\build\msvc\win32\debug\pa_x86_plain_converters.obj
d:\powersdr_hpsdr_mrx_ps\lib\portaudio_vs2008\build\msvc\win32\debug\vc140.pdb
d:\powersdr_hpsdr_mrx_ps\lib\portaudio_vs2008\build\msvc\win32\debug\debugmessage.obj
d:\powersdr_hpsdr_mrx_ps\lib\portaudio_vs2008\build\msvc\win32\debug\register.obj
d:\powersdr_hpsdr_mrx_ps\lib\portaudio_vs2008\build\msvc\win32\debug\iasiothiscallresolver.obj
d:\powersdr_hpsdr_mrx_ps\lib\portaudio_vs2008\build\msvc\win32\debug\asioconvertsamples.obj
d:\powersdr_hpsdr_mrx_ps\lib\portaudio_vs2008\build\msvc\win32\debug\asiodrivers.obj
d:\powersdr_hpsdr_mrx_ps\lib\portaudio_vs2008\build\msvc\win32\debug\asio.obj
d:\powersdr_hpsdr_mrx_ps\lib\portaudio_vs2008\build\msvc\win32\debug\pa19.obj
d:\powersdr_hpsdr_mrx_ps\lib\portaudio_vs2008\build\msvc\win32\debug\combase.obj
d:\powersdr_hpsdr_mrx_ps\lib\portaudio_vs2008\build\msvc\win32\debug\asiolist.obj
d:\powersdr_hpsdr_mrx_ps\lib\portaudio_vs2008\build\msvc\win32\debug\vc140.idb
d:\powersdr_hpsdr_mrx_ps\lib\portaudio_vs2008\build\msvc\win32\debug\pa_asio.obj
d:\powersdr_hpsdr_mrx_ps\bin\debug\pa19.ilk
d:\powersdr_hpsdr_mrx_ps\bin\debug\pa19.dll
d:\powersdr_hpsdr_mrx_ps\lib\portaudio_vs2008\build\msvc\win32\debug\pa19.pdb
d:\powersdr_hpsdr_mrx_ps\lib\portaudio_vs2008\build\msvc\win32\debug\pa19.lib
d:\powersdr_hpsdr_mrx_ps\lib\portaudio_vs2008\build\msvc\win32\debug\pa19.exp
d:\powersdr_hpsdr_mrx_ps\lib\portaudio_vs2008\build\msvc\win32\debug\portaudio.tlog\cl.command.1.tlog
d:\powersdr_hpsdr_mrx_ps\lib\portaudio_vs2008\build\msvc\win32\debug\portaudio.tlog\cl.read.1.tlog
d:\powersdr_hpsdr_mrx_ps\lib\portaudio_vs2008\build\msvc\win32\debug\portaudio.tlog\cl.write.1.tlog
d:\powersdr_hpsdr_mrx_ps\lib\portaudio_vs2008\build\msvc\win32\debug\portaudio.tlog\link.command.1.tlog
d:\powersdr_hpsdr_mrx_ps\lib\portaudio_vs2008\build\msvc\win32\debug\portaudio.tlog\link.read.1.tlog
d:\powersdr_hpsdr_mrx_ps\lib\portaudio_vs2008\build\msvc\win32\debug\portaudio.tlog\link.write.1.tlog
d:\powersdr_hpsdr_mrx_ps\lib\portaudio_vs2008\build\msvc\win32\debug\portaudio.tlog\portaudio.write.1u.tlog
