  pa_allocation.c
  pa_converters.c
  pa_cpuload.c
  pa_debugprint.c
  pa_dither.c
  pa_front.c
  pa_process.c
  pa_ringbuffer.c
  pa_skeleton.c
  pa_stream.c
  pa_trace.c
  pa_win_ds.c
  pa_win_ds_dynlink.c
  pa_win_wmme.c
  pa_win_wasapi.c
d:\powersdr_hpsdr_mrx_ps\lib\portaudio_vs2008\src\hostapi\dsound\pa_win_ds.c(1264): warning C4996: 'GetVersionExA': wurde als veraltet deklariert
  c:\program files (x86)\windows kits\8.1\include\um\sysinfoapi.h(433): note: Siehe Deklaration von "GetVersionExA"
  pa_win_wdmks.c
  pa_win_hostapis.c
  pa_win_util.c
d:\powersdr_hpsdr_mrx_ps\lib\portaudio_vs2008\src\hostapi\wmme\pa_win_wmme.c(911): warning C4996: 'GetVersionExA': wurde als veraltet deklariert
  c:\program files (x86)\windows kits\8.1\include\um\sysinfoapi.h(433): note: Siehe Deklaration von "GetVersionExA"
  pa_win_waveformat.c
  pa_win_wdmks_utils.c
  pa_x86_plain_converters.c
  iasiothiscallresolver.cpp
  asio.cpp
  combase.cpp
  debugmessage.cpp
  register.cpp
  ASIOConvertSamples.cpp
  asiodrivers.cpp
  asiolist.cpp
  PA19.cpp
  pa_asio.cpp
C:\Program Files (x86)\MSBuild\Microsoft.Cpp\v4.0\V140\Microsoft.CppBuild.targets(1189,5): warning MSB8012: TargetPath(D:\PowerSDR_HPSDR_mRX_PS\lib\portaudio_VS2008\build\msvc\..\..\..\..\bin\Debug\portaudio.dll) does not match the Linker's OutputFile property value (D:\PowerSDR_HPSDR_mRX_PS\bin\Debug\PA19.dll). This may cause your project to build incorrectly. To correct this, please make sure that $(OutDir), $(TargetName) and $(TargetExt) property values match the value specified in %(Link.OutputFile).
C:\Program Files (x86)\MSBuild\Microsoft.Cpp\v4.0\V140\Microsoft.CppBuild.targets(1191,5): warning MSB8012: TargetName(portaudio) does not match the Linker's OutputFile property value (PA19). This may cause your project to build incorrectly. To correct this, please make sure that $(OutDir), $(TargetName) and $(TargetExt) property values match the value specified in %(Link.OutputFile).
pa_allocation.obj : warning LNK4075: /EDITANDCONTINUE wird aufgrund der Angabe von /SAFESEH ignoriert.
     Bibliothek "Win32\Debug\PA19.lib" und Objekt "Win32\Debug\PA19.exp" werden erstellt.
  portaudio.vs2013.vcxproj -> D:\PowerSDR_HPSDR_mRX_PS\lib\portaudio_VS2008\build\msvc\..\..\..\..\bin\Debug\portaudio.dll
