  amd.c
  ammod.c
  amsq.c
  analyzer.c
  anf.c
  anr.c
  bandpass.c
  calcc.c
  cblock.c
  cfir.c
  compress.c
  delay.c
  div.c
  eer.c
  emnr.c
  emph.c
  eq.c
  channel.c
  fcurve.c
  firmin.c
  fmd.c
  gain.c
  gen.c
  iir.c
  iqc.c
  lmath.c
  meterlog10.c
  fir.c
  fmmod.c
  iobuffs.c
  main.c
  meter.c
  nbp.c
  nob.c
  nobII.c
  osctrl.c
  patchpanel.c
  resample.c
  RXA.c
  sender.c
  shift.c
  siphon.c
  fmsq.c
  slew.c
  snb.c
  TXA.c
  utilities.c
  wcpAGC.c
  wisdom.c
     Bibliothek "..\..\bin\Debug\wdsp.lib" und Objekt "..\..\bin\Debug\wdsp.exp" werden erstellt.
  wdsp.vs2013.vcxproj -> C:\PowerSDR_HPSDR_mRX_PS-C25_Master\Source\wdsp\..\..\bin\Debug\wdsp.dll
  wdsp.vs2013.vcxproj -> ..\..\bin\Debug\wdsp.pdb (Full PDB)
