  amd.c
  ammod.c
  amsq.c
  analyzer.c
  anf.c
  anr.c
  bandpass.c
  calcc.c
  cblock.c
  cfir.c
  compress.c
  delay.c
  div.c
  eer.c
  emnr.c
  emph.c
  eq.c
  channel.c
  fcurve.c
  firmin.c
  fmd.c
  gain.c
  gen.c
  iir.c
  iqc.c
  lmath.c
  meterlog10.c
  fir.c
  fmmod.c
  iobuffs.c
  main.c
  meter.c
  nbp.c
  nob.c
  nobII.c
  osctrl.c
  patchpanel.c
  resample.c
  RXA.c
  sender.c
  shift.c
  siphon.c
  fmsq.c
  slew.c
  snb.c
  TXA.c
  utilities.c
  wcpAGC.c
  wisdom.c
C:\Program Files\MSBuild\Microsoft.Cpp\v4.0\V140\Microsoft.CppBuild.targets(1189,5): warning MSB8012: TargetPath(C:\PowerSDR_HPSDR_mRX_PS-C25_Master\Source\Release\wdsp.dll) does not match the Linker's OutputFile property value (C:\PowerSDR_HPSDR_mRX_PS-C25_Master\bin\Release\wdsp.dll). This may cause your project to build incorrectly. To correct this, please make sure that $(OutDir), $(TargetName) and $(TargetExt) property values match the value specified in %(Link.OutputFile).
     Bibliothek "C:\PowerSDR_HPSDR_mRX_PS-C25_Master\Source\Release\wdsp.lib" und Objekt "C:\PowerSDR_HPSDR_mRX_PS-C25_Master\Source\Release\wdsp.exp" werden erstellt.
  Code wird generiert.
  All 818 functions were compiled because no usable IPDB/IOBJ from previous compilation was found.
  Codegenerierung ist abgeschlossen.
  wdsp.vs2013.vcxproj -> C:\PowerSDR_HPSDR_mRX_PS-C25_Master\Source\Release\wdsp.dll
  wdsp.vs2013.vcxproj -> C:\PowerSDR_HPSDR_mRX_PS-C25_Master\Source\Release\wdsp.pdb (Partial PDB)
